4.5s 1 [NbConvertApp] Converting notebook __notebook__.ipynb to notebook
9.0s 2 [NbConvertApp] Executing notebook with kernel: python3
37.2s 3 Error in atexit._run_exitfuncs:
Traceback (most recent call last):
  File "/opt/conda/lib/python3.6/logging/__init__.py", line 1944, in shutdown
    h.flush()
  File "/opt/conda/lib/python3.6/site-packages/absl/logging/__init__.py", line 891, in flush
    self._current_handler.flush()
  File "/opt/conda/lib/python3.6/site-packages/absl/logging/__init__.py", line 785, in flush
    self.stream.flush()
  File "/opt/conda/lib/python3.6/site-packages/ipykernel/iostream.py", line 341, in flush
    if self.pub_thread.thread.is_alive():
AttributeError: 'NoneType' object has no attribute 'thread'
38.4s 4 [NbConvertApp] Writing 301909 bytes to __notebook__.ipynb
39.6s 5 [NbConvertApp] Converting notebook __notebook__.ipynb to html
41.1s 6 [NbConvertApp] Support files will be in __results___files/
[NbConvertApp] Making directory __results___files
41.1s 7 [NbConvertApp] Making directory __results___files
[NbConvertApp] Making directory __results___files
[NbConvertApp] Making directory __results___files
[NbConvertApp] Making directory __results___files
[NbConvertApp] Making directory __results___files
41.1s 8 [NbConvertApp] Making directory __results___files
[NbConvertApp] Making directory __results___files
[NbConvertApp] Making directory __results___files
[NbConvertApp] Making directory __results___files
[NbConvertApp] Making directory __results___files
[NbConvertApp] Making directory __results___files
[NbConvertApp] Making directory __results___files
[NbConvertApp] Making directory __results___files
[NbConvertApp] Making directory __results___files
[NbConvertApp] Writing 400292 bytes to __results__.html